<?xml version="1.0" encoding="UTF-8"?>
<!-- Generated by org.testng.reporters.JUnitXMLReporter -->
<testsuite hostname="Jahdiel-Reeve-Macatangay.local" name="Sample Google Test" tests="3" failures="0" timestamp="4 Aug 2018 19:06:28 GMT" time="46.336" errors="0">
  <testcase name="Googletest" time="8.294" classname="acn.test.GoogleTest"/>
  <testcase name="Yahoo" time="18.211" classname="acn.test.Yahoo"/>
  <testcase name="BookAFlight" time="18.453" classname="acn.test.BookAFlightTest"/>
</testsuite> <!-- Sample Google Test -->
